0 info it worked if it ends with ok
1 verbose cli [ '/Users/heewonahn/opt/anaconda3/bin/node',
1 verbose cli   '/Users/heewonahn/opt/anaconda3/bin/npm',
1 verbose cli   'install',
1 verbose cli   '--save-dev',
1 verbose cli   'sharp' ]
2 info using npm@3.10.10
3 info using node@v6.13.1
4 silly loadCurrentTree Starting
5 silly install loadCurrentTree
6 silly install readLocalPackageData
7 silly fetchPackageMetaData sharp
8 silly fetchNamedPackageData sharp
9 silly mapToRegistry name sharp
10 silly mapToRegistry using default registry
11 silly mapToRegistry registry https://registry.npmjs.org/
12 silly mapToRegistry data Result {
12 silly mapToRegistry   raw: 'sharp',
12 silly mapToRegistry   scope: null,
12 silly mapToRegistry   escapedName: 'sharp',
12 silly mapToRegistry   name: 'sharp',
12 silly mapToRegistry   rawSpec: '',
12 silly mapToRegistry   spec: 'latest',
12 silly mapToRegistry   type: 'tag' }
13 silly mapToRegistry uri https://registry.npmjs.org/sharp
14 verbose request uri https://registry.npmjs.org/sharp
15 verbose request no auth needed
16 info attempt registry request try #1 at 7:01:17 PM
17 verbose request using bearer token for auth
18 verbose request id 8341b06cf69532f0
19 http request GET https://registry.npmjs.org/sharp
20 http 200 https://registry.npmjs.org/sharp
21 verbose headers { date: 'Wed, 23 Apr 2025 23:01:18 GMT',
21 verbose headers   'content-type': 'application/json',
21 verbose headers   'transfer-encoding': 'chunked',
21 verbose headers   connection: 'keep-alive',
21 verbose headers   'cf-ray': '9350fb654ef0f83e-ORD',
21 verbose headers   'cf-cache-status': 'HIT',
21 verbose headers   'access-control-allow-origin': '*',
21 verbose headers   age: '140',
21 verbose headers   'cache-control': 'public, max-age=300',
21 verbose headers   etag: 'W/"2eec1a6114fb5b1f3db319cb3cc543ea"',
21 verbose headers   'last-modified': 'Mon, 07 Apr 2025 20:18:53 GMT',
21 verbose headers   vary: 'accept-encoding, accept',
21 verbose headers   'set-cookie': [ '_cfuvid=g9PlZYfBMoQGrOfPNJjTLaUm32G4Hy9h74VXfY5gaZE-1745449278332-0.0.1.1-604800000; path=/; domain=.npmjs.org; HttpOnly; Secure; SameSite=None' ],
21 verbose headers   server: 'cloudflare',
21 verbose headers   'content-encoding': 'gzip' }
22 silly get cb [ 200,
22 silly get   { date: 'Wed, 23 Apr 2025 23:01:18 GMT',
22 silly get     'content-type': 'application/json',
22 silly get     'transfer-encoding': 'chunked',
22 silly get     connection: 'keep-alive',
22 silly get     'cf-ray': '9350fb654ef0f83e-ORD',
22 silly get     'cf-cache-status': 'HIT',
22 silly get     'access-control-allow-origin': '*',
22 silly get     age: '140',
22 silly get     'cache-control': 'public, max-age=300',
22 silly get     etag: 'W/"2eec1a6114fb5b1f3db319cb3cc543ea"',
22 silly get     'last-modified': 'Mon, 07 Apr 2025 20:18:53 GMT',
22 silly get     vary: 'accept-encoding, accept',
22 silly get     'set-cookie': [ '_cfuvid=g9PlZYfBMoQGrOfPNJjTLaUm32G4Hy9h74VXfY5gaZE-1745449278332-0.0.1.1-604800000; path=/; domain=.npmjs.org; HttpOnly; Secure; SameSite=None' ],
22 silly get     server: 'cloudflare',
22 silly get     'content-encoding': 'gzip' } ]
23 verbose get saving sharp to /Users/heewonahn/.npm/registry.npmjs.org/sharp/.cache.json
24 verbose correctMkdir /Users/heewonahn/.npm correctMkdir not in flight; initializing
25 silly install normalizeTree
26 silly loadCurrentTree Finishing
27 silly loadIdealTree Starting
28 silly install loadIdealTree
29 silly cloneCurrentTree Starting
30 silly install cloneCurrentTreeToIdealTree
31 silly cloneCurrentTree Finishing
32 silly loadShrinkwrap Starting
33 silly install loadShrinkwrap
34 silly loadShrinkwrap Finishing
35 silly loadAllDepsIntoIdealTree Starting
36 silly install loadAllDepsIntoIdealTree
37 silly rollbackFailedOptional Starting
38 silly rollbackFailedOptional Finishing
39 silly runTopLevelLifecycles Finishing
40 silly install printInstalled
41 verbose stack Error: Unsupported engine for sharp@0.34.1: wanted: {"node":"^18.17.0 || ^20.3.0 || >=21.0.0"} (current: {"node":"6.13.1","npm":"3.10.10"})
41 verbose stack     at checkEngine (/Users/heewonahn/opt/anaconda3/lib/node_modules/npm/node_modules/npm-install-checks/index.js:13:14)
41 verbose stack     at module.exports.isInstallable (/Users/heewonahn/opt/anaconda3/lib/node_modules/npm/lib/install/validate-args.js:38:3)
41 verbose stack     at Array.<anonymous> (/Users/heewonahn/opt/anaconda3/lib/node_modules/npm/node_modules/slide/lib/bind-actor.js:15:8)
41 verbose stack     at LOOP (/Users/heewonahn/opt/anaconda3/lib/node_modules/npm/node_modules/slide/lib/chain.js:15:14)
41 verbose stack     at /Users/heewonahn/opt/anaconda3/lib/node_modules/npm/node_modules/slide/lib/chain.js:18:7
41 verbose stack     at checkSelf (/Users/heewonahn/opt/anaconda3/lib/node_modules/npm/lib/install/validate-args.js:46:72)
41 verbose stack     at Array.<anonymous> (/Users/heewonahn/opt/anaconda3/lib/node_modules/npm/node_modules/slide/lib/bind-actor.js:15:8)
41 verbose stack     at LOOP (/Users/heewonahn/opt/anaconda3/lib/node_modules/npm/node_modules/slide/lib/chain.js:15:14)
41 verbose stack     at chain (/Users/heewonahn/opt/anaconda3/lib/node_modules/npm/node_modules/slide/lib/chain.js:20:5)
41 verbose stack     at /Users/heewonahn/opt/anaconda3/lib/node_modules/npm/lib/install/validate-args.js:16:5
42 verbose pkgid sharp@0.34.1
43 verbose cwd /Users/heewonahn/Creative Cloud Files/ Github/dido
44 error Darwin 24.3.0
45 error argv "/Users/heewonahn/opt/anaconda3/bin/node" "/Users/heewonahn/opt/anaconda3/bin/npm" "install" "--save-dev" "sharp"
46 error node v6.13.1
47 error npm  v3.10.10
48 error code ENOTSUP
49 error notsup Unsupported engine for sharp@0.34.1: wanted: {"node":"^18.17.0 || ^20.3.0 || >=21.0.0"} (current: {"node":"6.13.1","npm":"3.10.10"})
50 error notsup Not compatible with your version of node/npm: sharp@0.34.1
51 error notsup Not compatible with your version of node/npm: sharp@0.34.1
51 error notsup Required: {"node":"^18.17.0 || ^20.3.0 || >=21.0.0"}
51 error notsup Actual:   {"npm":"3.10.10","node":"6.13.1"}
52 verbose exit [ 1, true ]
